<?xml version="1.0" encoding="UTF-8"?>
<!-- Generated by org.testng.reporters.JUnitXMLReporter -->
<testsuite hostname="air-jihan" ignored="0" name="ChangePasswordScenarioTest" tests="5" failures="0" timestamp="2020-06-02T08:49:21 WIB" time="104.04" errors="0">
  <testcase name="successChangePassword" time="28.602" classname="tests.ChangePassword"/>
  <testcase name="loginWithNewPassword" time="23.888" classname="tests.ChangePassword"/>
  <testcase name="differentNewPassword" time="12.355" classname="tests.ChangePassword"/>
  <testcase name="invalidOldPassword" time="26.814" classname="tests.ChangePassword"/>
  <testcase name="cancelChangePassword" time="3.694" classname="tests.ChangePassword"/>
</testsuite> <!-- ChangePasswordScenarioTest -->
