<?xml version="1.0" encoding="UTF-8"?>
<!-- Generated by org.testng.reporters.JUnitXMLReporter -->
<testsuite hostname="10.0.2.15" ignored="0" name="ChangePasswordScenarioTest" tests="5" failures="0" timestamp="2020-07-22T16:56:15 WIB" time="144.356" errors="0">
  <testcase name="successChangePassword" time="32.016" classname="tests.ChangePassword"/>
  <testcase name="loginWithNewPassword" time="33.421" classname="tests.ChangePassword"/>
  <testcase name="differentNewPassword" time="21.179" classname="tests.ChangePassword"/>
  <testcase name="invalidOldPassword" time="27.354" classname="tests.ChangePassword"/>
  <testcase name="cancelChangePassword" time="21.491" classname="tests.ChangePassword"/>
</testsuite> <!-- ChangePasswordScenarioTest -->
