<?xml version="1.0" encoding="UTF-8"?>
<!-- Generated by org.testng.reporters.JUnitXMLReporter -->
<testsuite hostname="air-jihan" ignored="0" name="LoginLogoutScenarioTest" tests="7" failures="0" timestamp="2020-06-02T08:47:37 WIB" time="86.009" errors="0">
  <testcase name="Login" time="12.432" classname="tests.LoginLogout"/>
  <testcase name="Logout" time="4.007" classname="tests.LoginLogout"/>
  <testcase name="LoginInvalidUsername" time="11.495" classname="tests.LoginLogout"/>
  <testcase name="LoginInvalidPassword" time="14.287" classname="tests.LoginLogout"/>
  <testcase name="LoginBlankUsername" time="13.712" classname="tests.LoginLogout"/>
  <testcase name="LoginBlankPassword" time="12.756" classname="tests.LoginLogout"/>
  <testcase name="LoginBlankUsernameAndPassword" time="8.781" classname="tests.LoginLogout"/>
</testsuite> <!-- LoginLogoutScenarioTest -->
