<?xml version="1.0" encoding="UTF-8"?>
<!-- Generated by org.testng.reporters.JUnitXMLReporter -->
<testsuite hostname="10.0.2.15" ignored="0" name="LoginLogoutScenarioTest" tests="7" failures="0" timestamp="2020-07-22T16:11:14 WIB" time="121.653" errors="0">
  <testcase name="Login" time="10.938" classname="tests.LoginLogout"/>
  <testcase name="Logout" time="10.899" classname="tests.LoginLogout"/>
  <testcase name="LoginInvalidUsername" time="16.767" classname="tests.LoginLogout"/>
  <testcase name="LoginInvalidPassword" time="19.382" classname="tests.LoginLogout"/>
  <testcase name="LoginBlankUsername" time="18.919" classname="tests.LoginLogout"/>
  <testcase name="LoginBlankPassword" time="19.448" classname="tests.LoginLogout"/>
  <testcase name="LoginBlankUsernameAndPassword" time="18.265" classname="tests.LoginLogout"/>
</testsuite> <!-- LoginLogoutScenarioTest -->
