<?xml version="1.0" encoding="UTF-8"?>
<!-- Generated by org.testng.reporters.JUnitXMLReporter -->
<testsuite hostname="10.0.2.15" ignored="0" name="Default test" tests="3" failures="0" timestamp="2020-07-21T17:53:43 WIB" time="430.198" errors="0">
  <testcase name="browseEventAllCategories" time="237.08" classname="tests.BrowseUpcomingEvent"/>
  <testcase name="browseEventSpecificCategory" time="25.831" classname="tests.BrowseUpcomingEvent"/>
  <testcase name="browseEventByKeywords" time="55.158" classname="tests.BrowseUpcomingEvent"/>
</testsuite> <!-- Default test -->
