<?xml version="1.0" encoding="UTF-8"?>
<!-- Generated by org.testng.reporters.JUnitXMLReporter -->
<testsuite hostname="10.0.2.15" ignored="0" name="Default test" tests="4" failures="0" timestamp="2020-07-21T10:47:58 WIB" time="478.081" errors="0">
  <testcase name="createEvent" time="158.216" classname="tests.MyCreateEvent"/>
  <testcase name="readEvent" time="7.959" classname="tests.MyCreateEvent"/>
  <testcase name="updateEvent" time="126.624" classname="tests.MyCreateEvent"/>
  <testcase name="cancelEvent" time="56.368" classname="tests.MyCreateEvent"/>
</testsuite> <!-- Default test -->
