<?xml version="1.0" encoding="UTF-8"?>
<!-- Generated by org.testng.reporters.JUnitXMLReporter -->
<testsuite hostname="air-jihan" ignored="0" name="ChangePasswordScenarioTest" tests="4" failures="0" timestamp="2020-06-01T17:50:10 WIB" time="92.825" errors="0">
  <testcase name="successChangePassword" time="29.168" classname="tests.ChangePassword"/>
  <testcase name="loginWithNewPassword" time="23.672" classname="tests.ChangePassword"/>
  <testcase name="differentNewPassword" time="12.256" classname="tests.ChangePassword"/>
  <testcase name="invalidOldPassword" time="20.286" classname="tests.ChangePassword"/>
</testsuite> <!-- ChangePasswordScenarioTest -->
