<?xml version="1.0" encoding="UTF-8"?>
<!-- Generated by org.testng.reporters.JUnitXMLReporter -->
<testsuite hostname="MacBook-Air-Jihan.local" ignored="0" name="LoginLogoutScenarioTest" tests="7" failures="0" timestamp="2020-05-29T16:28:44 WIB" time="98.371" errors="0">
  <testcase name="Login" time="14.027" classname="tests.LoginLogout"/>
  <testcase name="Logout" time="5.166" classname="tests.LoginLogout"/>
  <testcase name="LoginInvalidUsername" time="12.401" classname="tests.LoginLogout"/>
  <testcase name="LoginInvalidPassword" time="15.571" classname="tests.LoginLogout"/>
  <testcase name="LoginBlankUsername" time="15.428" classname="tests.LoginLogout"/>
  <testcase name="LoginBlankPassword" time="15.049" classname="tests.LoginLogout"/>
  <testcase name="LoginBlankUsernameAndPassword" time="9.345" classname="tests.LoginLogout"/>
</testsuite> <!-- LoginLogoutScenarioTest -->
