<?xml version="1.0" encoding="UTF-8"?>
<!-- Generated by org.testng.reporters.JUnitXMLReporter -->
<testsuite hostname="air-jihan" ignored="0" name="NegativeLogin" tests="5" failures="0" timestamp="2020-05-09T18:55:17 WIB" time="87.908" errors="0">
  <testcase name="invalidUsername" time="16.366" classname="tests.NegativeLogin"/>
  <testcase name="invalidPassword" time="18.412" classname="tests.NegativeLogin"/>
  <testcase name="blankUsername" time="17.751" classname="tests.NegativeLogin"/>
  <testcase name="blankPassword" time="16.757" classname="tests.NegativeLogin"/>
  <testcase name="blankUsernameAndPassword" time="11.347" classname="tests.NegativeLogin"/>
</testsuite> <!-- NegativeLogin -->
