<?xml version="1.0" encoding="UTF-8"?>
<!-- Generated by org.testng.reporters.JUnitXMLReporter -->
<testsuite hostname="air-jihan" ignored="0" name="NegativeRegistration" tests="5" failures="0" timestamp="2020-05-09T21:49:06 WIB" time="84.069" errors="0">
  <testcase name="firstNameMaxLengthChar" time="17.164" classname="tests.NegativeRegistration"/>
  <testcase name="lastNameMaxLengthChar" time="18.419" classname="tests.NegativeRegistration"/>
  <testcase name="invalidEmailFormat" time="18.009" classname="tests.NegativeRegistration"/>
  <testcase name="passwordLess6Characters" time="12.247" classname="tests.NegativeRegistration"/>
  <testcase name="passwordMore20Characters" time="10.863" classname="tests.NegativeRegistration"/>
</testsuite> <!-- NegativeRegistration -->
