<?xml version="1.0" encoding="UTF-8"?>
<!-- Generated by org.testng.reporters.JUnitXMLReporter -->
<testsuite hostname="MacBook-Air-Jihan.local" ignored="0" name="RegistrationScenarioTest" tests="5" failures="0" timestamp="2020-05-29T16:30:17 WIB" time="92.844" errors="0">
  <testcase name="RegisterFirstNameMaxLengthChar" time="18.255" classname="tests.Registration"/>
  <testcase name="RegisterLastNameMaxLengthChar" time="19.293" classname="tests.Registration"/>
  <testcase name="RegisterInvalidEmailFormat" time="20.346" classname="tests.Registration"/>
  <testcase name="RegisterPasswordLess6Characters" time="13.296" classname="tests.Registration"/>
  <testcase name="RegisterPasswordMore20Characters" time="11.055" classname="tests.Registration"/>
</testsuite> <!-- RegistrationScenarioTest -->
